  [1m[35mSQL (0.2ms)[0m  [1m[35mSET search_path TO public /*application='BabyCounter'*/[0m
  [1m[35m (99.5ms)[0m  [1m[35mCREATE DATABASE "baby_counter_development" ENCODING = 'unicode' /*application='BabyCounter'*/[0m
  [1m[35mSQL (0.2ms)[0m  [1m[35mSET search_path TO public /*application='BabyCounter'*/[0m
  [1m[35m (84.9ms)[0m  [1m[35mCREATE DATABASE "baby_counter_test" ENCODING = 'unicode' /*application='BabyCounter'*/[0m
  [1m[35m (6.3ms)[0m  [1m[35mCREATE TABLE "schema_migrations" ("version" character varying NOT NULL PRIMARY KEY) /*application='BabyCounter'*/[0m
  [1m[35m (3.6ms)[0m  [1m[35mCREATE TABLE "ar_internal_metadata" ("key" character varying NOT NULL PRIMARY KEY, "value" character varying, "created_at" timestamp(6) NOT NULL, "updated_at" timestamp(6) NOT NULL) /*application='BabyCounter'*/[0m
  [1m[35m (0.5ms)[0m  [1m[34mSELECT pg_try_advisory_lock(4498987745042283150) /*application='BabyCounter'*/[0m
  [1m[36mActiveRecord::SchemaMigration Load (0.7ms)[0m  [1m[34mSELECT "schema_migrations"."version" FROM "schema_migrations" ORDER BY "schema_migrations"."version" ASC /*application='BabyCounter'*/[0m
  [1m[36mActiveRecord::InternalMetadata Load (1.1ms)[0m  [1m[34mSELECT * FROM "ar_internal_metadata" WHERE "ar_internal_metadata"."key" = 'environment' ORDER BY "ar_internal_metadata"."key" ASC LIMIT 1 /*application='BabyCounter'*/[0m
  [1m[36mActiveRecord::InternalMetadata Create (1.5ms)[0m  [1m[32mINSERT INTO "ar_internal_metadata" ("key", "value", "created_at", "updated_at") VALUES ('environment', 'development', '2026-05-17 08:25:04.362252', '2026-05-17 08:25:04.362255') RETURNING "key" /*application='BabyCounter'*/[0m
Migrating to CreateCounters (20260517082350)
  [1m[36mTRANSACTION (0.2ms)[0m  [1m[35mBEGIN /*application='BabyCounter'*/[0m
  [1m[35m (2.4ms)[0m  [1m[35mCREATE TABLE "counters" ("id" bigserial primary key, "plus" integer DEFAULT 0 NOT NULL, "minus" integer DEFAULT 0 NOT NULL, "created_at" timestamp(6) NOT NULL, "updated_at" timestamp(6) NOT NULL) /*application='BabyCounter'*/[0m
  [1m[36mActiveRecord::SchemaMigration Create (0.5ms)[0m  [1m[32mINSERT INTO "schema_migrations" ("version") VALUES ('20260517082350') RETURNING "version" /*application='BabyCounter'*/[0m
  [1m[36mTRANSACTION (1.0ms)[0m  [1m[35mCOMMIT /*application='BabyCounter'*/[0m
  [1m[35m (0.3ms)[0m  [1m[34mSELECT pg_advisory_unlock(4498987745042283150) /*application='BabyCounter'*/[0m
  [1m[36mActiveRecord::SchemaMigration Load (0.3ms)[0m  [1m[34mSELECT "schema_migrations"."version" FROM "schema_migrations" ORDER BY "schema_migrations"."version" ASC /*application='BabyCounter'*/[0m
  [1m[35mSQL (0.1ms)[0m  [1m[35mSET search_path TO public /*application='BabyCounter'*/[0m
  [1m[35mSQL (0.2ms)[0m  [1m[35mSET search_path TO "$user", public /*application='BabyCounter'*/[0m
  [1m[35mSQL (0.2ms)[0m  [1m[35mSET search_path TO public /*application='BabyCounter'*/[0m
  [1m[35mSQL (0.1ms)[0m  [1m[35mSET search_path TO "$user", public /*application='BabyCounter'*/[0m
  [1m[36mActiveRecord::SchemaMigration Load (0.2ms)[0m  [1m[34mSELECT "schema_migrations"."version" FROM "schema_migrations" ORDER BY "schema_migrations"."version" ASC /*application='BabyCounter'*/[0m
  [1m[36mCounter Load (0.8ms)[0m  [1m[34mSELECT "counters".* FROM "counters" ORDER BY "counters"."id" ASC LIMIT 1 /*application='BabyCounter'*/[0m
  [1m[36mTRANSACTION (0.2ms)[0m  [1m[35mBEGIN /*application='BabyCounter'*/[0m
  [1m[36mCounter Create (2.1ms)[0m  [1m[32mINSERT INTO "counters" ("plus", "minus", "created_at", "updated_at") VALUES (0, 0, '2026-05-17 08:25:04.477393', '2026-05-17 08:25:04.477393') RETURNING "id" /*application='BabyCounter'*/[0m
  [1m[36mTRANSACTION (1.3ms)[0m  [1m[35mCOMMIT /*application='BabyCounter'*/[0m
Started GET "/" for ::1 at 2026-05-17 08:26:59 +0000
  [1m[36mActiveRecord::SchemaMigration Load (1.0ms)[0m  [1m[34mSELECT "schema_migrations"."version" FROM "schema_migrations" ORDER BY "schema_migrations"."version" ASC /*application='BabyCounter'*/[0m
Processing by CountersController#show as */*
  [1m[36mCounter Load (0.4ms)[0m  [1m[34mSELECT "counters".* FROM "counters" ORDER BY "counters"."id" ASC LIMIT 1 /*action='show',application='BabyCounter',controller='counters'*/[0m
  ↳ app/models/counter.rb:3:in 'Counter.instance'
  Rendering layout layouts/application.html.erb
  Rendering counters/show.html.erb within layouts/application
  Rendered counters/show.html.erb within layouts/application (Duration: 3.1ms | GC: 0.0ms)
  Rendered layout layouts/application.html.erb (Duration: 9.4ms | GC: 0.0ms)
Completed 200 OK in 58ms (Views: 12.9ms | ActiveRecord: 26.9ms (1 query, 0 cached) | GC: 0.0ms)


Started GET "/" for 127.0.0.1 at 2026-05-17 08:27:57 +0000
  [1m[36mActiveRecord::SchemaMigration Load (1.2ms)[0m  [1m[34mSELECT "schema_migrations"."version" FROM "schema_migrations" ORDER BY "schema_migrations"."version" ASC /*application='BabyCounter'*/[0m
Processing by CountersController#show as HTML
  [1m[36mCounter Load (0.5ms)[0m  [1m[34mSELECT "counters".* FROM "counters" ORDER BY "counters"."id" ASC LIMIT 1 /*action='show',application='BabyCounter',controller='counters'*/[0m
  ↳ app/models/counter.rb:3:in 'Counter.instance'
  Rendering layout layouts/application.html.erb
  Rendering counters/show.html.erb within layouts/application
  Rendered counters/show.html.erb within layouts/application (Duration: 4.3ms | GC: 0.0ms)
  Rendered layout layouts/application.html.erb (Duration: 36.5ms | GC: 23.7ms)
Completed 200 OK in 97ms (Views: 41.0ms | ActiveRecord: 38.1ms (1 query, 0 cached) | GC: 24.4ms)


Started POST "/increment_plus" for 127.0.0.1 at 2026-05-17 08:28:05 +0000
Processing by CountersController#increment_plus as TURBO_STREAM
  Parameters: {"authenticity_token" => "[FILTERED]"}
  [1m[36mCounter Load (0.6ms)[0m  [1m[34mSELECT "counters".* FROM "counters" ORDER BY "counters"."id" ASC LIMIT 1 /*action='increment_plus',application='BabyCounter',controller='counters'*/[0m
  ↳ app/models/counter.rb:3:in 'Counter.instance'
  [1m[36mCounter Update All (2.3ms)[0m  [1m[33mUPDATE "counters" SET "plus" = COALESCE("counters"."plus", 0) + 1 WHERE "counters"."id" = 1 /*action='increment_plus',application='BabyCounter',controller='counters'*/[0m
  ↳ app/controllers/counters_controller.rb:8:in 'CountersController#increment_plus'
Redirected to http://localhost:3000/
↳ app/controllers/counters_controller.rb:9:in 'CountersController#increment_plus'
Completed 302 Found in 29ms (ActiveRecord: 2.9ms (2 queries, 0 cached) | GC: 0.7ms)


Started GET "/" for 127.0.0.1 at 2026-05-17 08:28:05 +0000
Processing by CountersController#show as TURBO_STREAM
  [1m[36mCounter Load (0.5ms)[0m  [1m[34mSELECT "counters".* FROM "counters" ORDER BY "counters"."id" ASC LIMIT 1 /*action='show',application='BabyCounter',controller='counters'*/[0m
  ↳ app/models/counter.rb:3:in 'Counter.instance'
  Rendering layout layouts/application.html.erb
  Rendering counters/show.html.erb within layouts/application
  Rendered counters/show.html.erb within layouts/application (Duration: 1.7ms | GC: 0.0ms)
  Rendered layout layouts/application.html.erb (Duration: 3.2ms | GC: 0.0ms)
Completed 200 OK in 8ms (Views: 4.2ms | ActiveRecord: 0.5ms (1 query, 0 cached) | GC: 0.0ms)


Started POST "/increment_plus" for 127.0.0.1 at 2026-05-17 08:28:06 +0000
Processing by CountersController#increment_plus as TURBO_STREAM
  Parameters: {"authenticity_token" => "[FILTERED]"}
  [1m[36mCounter Load (0.5ms)[0m  [1m[34mSELECT "counters".* FROM "counters" ORDER BY "counters"."id" ASC LIMIT 1 /*action='increment_plus',application='BabyCounter',controller='counters'*/[0m
  ↳ app/models/counter.rb:3:in 'Counter.instance'
  [1m[36mCounter Update All (1.7ms)[0m  [1m[33mUPDATE "counters" SET "plus" = COALESCE("counters"."plus", 0) + 1 WHERE "counters"."id" = 1 /*action='increment_plus',application='BabyCounter',controller='counters'*/[0m
  ↳ app/controllers/counters_controller.rb:8:in 'CountersController#increment_plus'
Redirected to http://localhost:3000/
↳ app/controllers/counters_controller.rb:9:in 'CountersController#increment_plus'
Completed 302 Found in 11ms (ActiveRecord: 2.2ms (2 queries, 0 cached) | GC: 1.0ms)


Started GET "/" for 127.0.0.1 at 2026-05-17 08:28:06 +0000
Processing by CountersController#show as TURBO_STREAM
  [1m[36mCounter Load (0.5ms)[0m  [1m[34mSELECT "counters".* FROM "counters" ORDER BY "counters"."id" ASC LIMIT 1 /*action='show',application='BabyCounter',controller='counters'*/[0m
  ↳ app/models/counter.rb:3:in 'Counter.instance'
  Rendering layout layouts/application.html.erb
  Rendering counters/show.html.erb within layouts/application
  Rendered counters/show.html.erb within layouts/application (Duration: 1.7ms | GC: 0.0ms)
  Rendered layout layouts/application.html.erb (Duration: 3.2ms | GC: 0.0ms)
Completed 200 OK in 8ms (Views: 4.0ms | ActiveRecord: 0.5ms (1 query, 0 cached) | GC: 0.0ms)


Started POST "/increment_minus" for 127.0.0.1 at 2026-05-17 08:28:07 +0000
Processing by CountersController#increment_minus as TURBO_STREAM
  Parameters: {"authenticity_token" => "[FILTERED]"}
  [1m[36mCounter Load (0.5ms)[0m  [1m[34mSELECT "counters".* FROM "counters" ORDER BY "counters"."id" ASC LIMIT 1 /*action='increment_minus',application='BabyCounter',controller='counters'*/[0m
  ↳ app/models/counter.rb:3:in 'Counter.instance'
  [1m[36mCounter Update All (23.0ms)[0m  [1m[33mUPDATE "counters" SET "minus" = COALESCE("counters"."minus", 0) + 1 WHERE "counters"."id" = 1 /*action='increment_minus',application='BabyCounter',controller='counters'*/[0m
  ↳ app/controllers/counters_controller.rb:13:in 'CountersController#increment_minus'
Redirected to http://localhost:3000/
↳ app/controllers/counters_controller.rb:14:in 'CountersController#increment_minus'
Completed 302 Found in 31ms (ActiveRecord: 23.5ms (2 queries, 0 cached) | GC: 0.0ms)


Started GET "/" for 127.0.0.1 at 2026-05-17 08:28:07 +0000
Processing by CountersController#show as TURBO_STREAM
  [1m[36mCounter Load (0.5ms)[0m  [1m[34mSELECT "counters".* FROM "counters" ORDER BY "counters"."id" ASC LIMIT 1 /*action='show',application='BabyCounter',controller='counters'*/[0m
  ↳ app/models/counter.rb:3:in 'Counter.instance'
  Rendering layout layouts/application.html.erb
  Rendering counters/show.html.erb within layouts/application
  Rendered counters/show.html.erb within layouts/application (Duration: 1.8ms | GC: 0.0ms)
  Rendered layout layouts/application.html.erb (Duration: 11.4ms | GC: 7.1ms)
Completed 200 OK in 17ms (Views: 12.5ms | ActiveRecord: 0.5ms (1 query, 0 cached) | GC: 7.1ms)


Started POST "/increment_minus" for 127.0.0.1 at 2026-05-17 08:28:08 +0000
Processing by CountersController#increment_minus as TURBO_STREAM
  Parameters: {"authenticity_token" => "[FILTERED]"}
  [1m[36mCounter Load (0.5ms)[0m  [1m[34mSELECT "counters".* FROM "counters" ORDER BY "counters"."id" ASC LIMIT 1 /*action='increment_minus',application='BabyCounter',controller='counters'*/[0m
  ↳ app/models/counter.rb:3:in 'Counter.instance'
  [1m[36mCounter Update All (1.5ms)[0m  [1m[33mUPDATE "counters" SET "minus" = COALESCE("counters"."minus", 0) + 1 WHERE "counters"."id" = 1 /*action='increment_minus',application='BabyCounter',controller='counters'*/[0m
  ↳ app/controllers/counters_controller.rb:13:in 'CountersController#increment_minus'
Redirected to http://localhost:3000/
↳ app/controllers/counters_controller.rb:14:in 'CountersController#increment_minus'
Completed 302 Found in 22ms (ActiveRecord: 1.9ms (2 queries, 0 cached) | GC: 11.3ms)


Started GET "/" for 127.0.0.1 at 2026-05-17 08:28:08 +0000
Processing by CountersController#show as TURBO_STREAM
  [1m[36mCounter Load (0.7ms)[0m  [1m[34mSELECT "counters".* FROM "counters" ORDER BY "counters"."id" ASC LIMIT 1 /*action='show',application='BabyCounter',controller='counters'*/[0m
  ↳ app/models/counter.rb:3:in 'Counter.instance'
  Rendering layout layouts/application.html.erb
  Rendering counters/show.html.erb within layouts/application
  Rendered counters/show.html.erb within layouts/application (Duration: 3.7ms | GC: 1.6ms)
  Rendered layout layouts/application.html.erb (Duration: 7.0ms | GC: 3.0ms)
Completed 200 OK in 20ms (Views: 8.1ms | ActiveRecord: 0.7ms (1 query, 0 cached) | GC: 8.5ms)


Started POST "/increment_plus" for 127.0.0.1 at 2026-05-17 08:28:11 +0000
Processing by CountersController#increment_plus as TURBO_STREAM
  Parameters: {"authenticity_token" => "[FILTERED]"}
  [1m[36mCounter Load (0.5ms)[0m  [1m[34mSELECT "counters".* FROM "counters" ORDER BY "counters"."id" ASC LIMIT 1 /*action='increment_plus',application='BabyCounter',controller='counters'*/[0m
  ↳ app/models/counter.rb:3:in 'Counter.instance'
  [1m[36mCounter Update All (21.8ms)[0m  [1m[33mUPDATE "counters" SET "plus" = COALESCE("counters"."plus", 0) + 1 WHERE "counters"."id" = 1 /*action='increment_plus',application='BabyCounter',controller='counters'*/[0m
  ↳ app/controllers/counters_controller.rb:8:in 'CountersController#increment_plus'
Redirected to http://localhost:3000/
↳ app/controllers/counters_controller.rb:9:in 'CountersController#increment_plus'
Completed 302 Found in 36ms (ActiveRecord: 22.3ms (2 queries, 0 cached) | GC: 5.7ms)


Started GET "/" for 127.0.0.1 at 2026-05-17 08:28:12 +0000
Processing by CountersController#show as TURBO_STREAM
  [1m[36mCounter Load (0.6ms)[0m  [1m[34mSELECT "counters".* FROM "counters" ORDER BY "counters"."id" ASC LIMIT 1 /*action='show',application='BabyCounter',controller='counters'*/[0m
  ↳ app/models/counter.rb:3:in 'Counter.instance'
  Rendering layout layouts/application.html.erb
  Rendering counters/show.html.erb within layouts/application
  Rendered counters/show.html.erb within layouts/application (Duration: 1.3ms | GC: 0.0ms)
  Rendered layout layouts/application.html.erb (Duration: 5.5ms | GC: 2.4ms)
Completed 200 OK in 16ms (Views: 7.1ms | ActiveRecord: 0.6ms (1 query, 0 cached) | GC: 6.6ms)


Started POST "/increment_minus" for 127.0.0.1 at 2026-05-17 08:28:13 +0000
Processing by CountersController#increment_minus as TURBO_STREAM
  Parameters: {"authenticity_token" => "[FILTERED]"}
  [1m[36mCounter Load (0.6ms)[0m  [1m[34mSELECT "counters".* FROM "counters" ORDER BY "counters"."id" ASC LIMIT 1 /*action='increment_minus',application='BabyCounter',controller='counters'*/[0m
  ↳ app/models/counter.rb:3:in 'Counter.instance'
  [1m[36mCounter Update All (1.7ms)[0m  [1m[33mUPDATE "counters" SET "minus" = COALESCE("counters"."minus", 0) + 1 WHERE "counters"."id" = 1 /*action='increment_minus',application='BabyCounter',controller='counters'*/[0m
  ↳ app/controllers/counters_controller.rb:13:in 'CountersController#increment_minus'
Redirected to http://localhost:3000/
↳ app/controllers/counters_controller.rb:14:in 'CountersController#increment_minus'
Completed 302 Found in 24ms (ActiveRecord: 2.3ms (2 queries, 0 cached) | GC: 13.7ms)


Started GET "/" for 127.0.0.1 at 2026-05-17 08:28:13 +0000
Processing by CountersController#show as TURBO_STREAM
  [1m[36mCounter Load (0.6ms)[0m  [1m[34mSELECT "counters".* FROM "counters" ORDER BY "counters"."id" ASC LIMIT 1 /*action='show',application='BabyCounter',controller='counters'*/[0m
  ↳ app/models/counter.rb:3:in 'Counter.instance'
  Rendering layout layouts/application.html.erb
  Rendering counters/show.html.erb within layouts/application
  Rendered counters/show.html.erb within layouts/application (Duration: 1.8ms | GC: 0.0ms)
  Rendered layout layouts/application.html.erb (Duration: 3.2ms | GC: 0.0ms)
Completed 200 OK in 9ms (Views: 4.2ms | ActiveRecord: 0.5ms (1 query, 0 cached) | GC: 0.0ms)


Started GET "/" for 127.0.0.1 at 2026-05-17 08:32:45 +0000
Processing by CountersController#show as HTML
  [1m[36mCounter Load (0.6ms)[0m  [1m[34mSELECT "counters".* FROM "counters" ORDER BY "counters"."id" ASC LIMIT 1 /*action='show',application='BabyCounter',controller='counters'*/[0m
  ↳ app/models/counter.rb:3:in 'Counter.instance'
  Rendering layout layouts/application.html.erb
  Rendering counters/show.html.erb within layouts/application
  Rendered counters/show.html.erb within layouts/application (Duration: 31.5ms | GC: 1.0ms)
  Rendered layout layouts/application.html.erb (Duration: 77.2ms | GC: 1.5ms)
Completed 200 OK in 164ms (Views: 87.1ms | ActiveRecord: 18.2ms (1 query, 0 cached) | GC: 1.6ms)


Started GET "/" for 127.0.0.1 at 2026-05-17 08:34:03 +0000
Processing by CountersController#show as HTML
  [1m[36mCounter Load (1.1ms)[0m  [1m[34mSELECT "counters".* FROM "counters" ORDER BY "counters"."id" ASC LIMIT 1 /*action='show',application='BabyCounter',controller='counters'*/[0m
  ↳ app/models/counter.rb:3:in 'Counter.instance'
  Rendering layout layouts/application.html.erb
  Rendering counters/show.html.erb within layouts/application
  Rendered counters/show.html.erb within layouts/application (Duration: 2.9ms | GC: 0.0ms)
  Rendered layout layouts/application.html.erb (Duration: 5.1ms | GC: 0.0ms)
Completed 200 OK in 14ms (Views: 6.6ms | ActiveRecord: 1.1ms (1 query, 0 cached) | GC: 0.0ms)


Started GET "/" for 127.0.0.1 at 2026-05-17 08:34:52 +0000
Processing by CountersController#show as HTML
  [1m[36mCounter Load (0.6ms)[0m  [1m[34mSELECT "counters".* FROM "counters" ORDER BY "counters"."id" ASC LIMIT 1 /*action='show',application='BabyCounter',controller='counters'*/[0m
  ↳ app/models/counter.rb:3:in 'Counter.instance'
  Rendering layout layouts/application.html.erb
  Rendering counters/show.html.erb within layouts/application
  Rendered counters/show.html.erb within layouts/application (Duration: 2.3ms | GC: 0.0ms)
  Rendered layout layouts/application.html.erb (Duration: 4.0ms | GC: 0.0ms)
Completed 200 OK in 12ms (Views: 5.1ms | ActiveRecord: 0.6ms (1 query, 0 cached) | GC: 0.0ms)


Started GET "/" for 127.0.0.1 at 2026-05-17 08:34:53 +0000
Processing by CountersController#show as HTML
  [1m[36mCounter Load (0.7ms)[0m  [1m[34mSELECT "counters".* FROM "counters" ORDER BY "counters"."id" ASC LIMIT 1 /*action='show',application='BabyCounter',controller='counters'*/[0m
  ↳ app/models/counter.rb:3:in 'Counter.instance'
  Rendering layout layouts/application.html.erb
  Rendering counters/show.html.erb within layouts/application
  Rendered counters/show.html.erb within layouts/application (Duration: 2.0ms | GC: 0.0ms)
  Rendered layout layouts/application.html.erb (Duration: 3.9ms | GC: 0.0ms)
Completed 200 OK in 10ms (Views: 5.0ms | ActiveRecord: 0.7ms (1 query, 0 cached) | GC: 0.0ms)


Started GET "/" for 127.0.0.1 at 2026-05-17 08:35:14 +0000
Processing by CountersController#show as HTML
  [1m[36mCounter Load (0.8ms)[0m  [1m[34mSELECT "counters".* FROM "counters" ORDER BY "counters"."id" ASC LIMIT 1 /*action='show',application='BabyCounter',controller='counters'*/[0m
  ↳ app/models/counter.rb:3:in 'Counter.instance'
  Rendering layout layouts/application.html.erb
  Rendering counters/show.html.erb within layouts/application
  Rendered counters/show.html.erb within layouts/application (Duration: 2.0ms | GC: 0.0ms)
  Rendered layout layouts/application.html.erb (Duration: 3.9ms | GC: 0.0ms)
Completed 200 OK in 11ms (Views: 4.8ms | ActiveRecord: 0.8ms (1 query, 0 cached) | GC: 0.0ms)


Started GET "/" for 127.0.0.1 at 2026-05-17 08:35:18 +0000
Processing by CountersController#show as HTML
  [1m[36mCounter Load (0.4ms)[0m  [1m[34mSELECT "counters".* FROM "counters" ORDER BY "counters"."id" ASC LIMIT 1 /*action='show',application='BabyCounter',controller='counters'*/[0m
  ↳ app/models/counter.rb:3:in 'Counter.instance'
  Rendering layout layouts/application.html.erb
  Rendering counters/show.html.erb within layouts/application
  Rendered counters/show.html.erb within layouts/application (Duration: 1.2ms | GC: 0.0ms)
  Rendered layout layouts/application.html.erb (Duration: 2.2ms | GC: 0.0ms)
Completed 200 OK in 7ms (Views: 2.8ms | ActiveRecord: 0.4ms (1 query, 0 cached) | GC: 0.0ms)


Started GET "/" for 127.0.0.1 at 2026-05-17 08:35:29 +0000
  [1m[36mActiveRecord::SchemaMigration Load (2.2ms)[0m  [1m[34mSELECT "schema_migrations"."version" FROM "schema_migrations" ORDER BY "schema_migrations"."version" ASC /*application='BabyCounter'*/[0m
Processing by CountersController#show as HTML
  [1m[36mCounter Load (0.9ms)[0m  [1m[34mSELECT "counters".* FROM "counters" ORDER BY "counters"."id" ASC LIMIT 1 /*action='show',application='BabyCounter',controller='counters'*/[0m
  ↳ app/models/counter.rb:3:in 'Counter.instance'
  Rendering layout layouts/application.html.erb
  Rendering counters/show.html.erb within layouts/application
  Rendered counters/show.html.erb within layouts/application (Duration: 6.4ms | GC: 0.0ms)
  Rendered layout layouts/application.html.erb (Duration: 46.7ms | GC: 29.2ms)
Completed 200 OK in 112ms (Views: 50.5ms | ActiveRecord: 37.5ms (1 query, 0 cached) | GC: 29.2ms)


Started GET "/" for 127.0.0.1 at 2026-05-17 08:35:30 +0000
Processing by CountersController#show as HTML
  [1m[36mCounter Load (0.5ms)[0m  [1m[34mSELECT "counters".* FROM "counters" ORDER BY "counters"."id" ASC LIMIT 1 /*action='show',application='BabyCounter',controller='counters'*/[0m
  ↳ app/models/counter.rb:3:in 'Counter.instance'
  Rendering layout layouts/application.html.erb
  Rendering counters/show.html.erb within layouts/application
  Rendered counters/show.html.erb within layouts/application (Duration: 1.5ms | GC: 0.0ms)
  Rendered layout layouts/application.html.erb (Duration: 2.9ms | GC: 0.0ms)
Completed 200 OK in 7ms (Views: 3.6ms | ActiveRecord: 0.5ms (1 query, 0 cached) | GC: 0.0ms)


Started GET "/" for 127.0.0.1 at 2026-05-17 08:35:30 +0000
Processing by CountersController#show as HTML
  [1m[36mCounter Load (0.6ms)[0m  [1m[34mSELECT "counters".* FROM "counters" ORDER BY "counters"."id" ASC LIMIT 1 /*action='show',application='BabyCounter',controller='counters'*/[0m
  ↳ app/models/counter.rb:3:in 'Counter.instance'
  Rendering layout layouts/application.html.erb
  Rendering counters/show.html.erb within layouts/application
  Rendered counters/show.html.erb within layouts/application (Duration: 1.4ms | GC: 0.0ms)
  Rendered layout layouts/application.html.erb (Duration: 2.6ms | GC: 0.0ms)
Completed 200 OK in 8ms (Views: 3.4ms | ActiveRecord: 0.6ms (1 query, 0 cached) | GC: 0.0ms)


Started GET "/" for 127.0.0.1 at 2026-05-17 08:36:12 +0000
Processing by CountersController#show as HTML
  [1m[36mCounter Load (0.4ms)[0m  [1m[34mSELECT "counters".* FROM "counters" ORDER BY "counters"."id" ASC LIMIT 1 /*action='show',application='BabyCounter',controller='counters'*/[0m
  ↳ app/models/counter.rb:3:in 'Counter.instance'
  Rendering layout layouts/application.html.erb
  Rendering counters/show.html.erb within layouts/application
  Rendered counters/show.html.erb within layouts/application (Duration: 0.6ms | GC: 0.0ms)
  Rendered layout layouts/application.html.erb (Duration: 2.1ms | GC: 0.5ms)
Completed 200 OK in 5ms (Views: 2.5ms | ActiveRecord: 0.4ms (1 query, 0 cached) | GC: 0.5ms)


Started GET "/" for 127.0.0.1 at 2026-05-17 08:36:43 +0000
Processing by CountersController#show as HTML
  [1m[36mCounter Load (0.8ms)[0m  [1m[34mSELECT "counters".* FROM "counters" ORDER BY "counters"."id" ASC LIMIT 1 /*action='show',application='BabyCounter',controller='counters'*/[0m
  ↳ app/models/counter.rb:3:in 'Counter.instance'
  Rendering layout layouts/application.html.erb
  Rendering counters/show.html.erb within layouts/application
  Rendered counters/show.html.erb within layouts/application (Duration: 1.2ms | GC: 0.0ms)
  Rendered layout layouts/application.html.erb (Duration: 2.0ms | GC: 0.0ms)
Completed 200 OK in 6ms (Views: 2.6ms | ActiveRecord: 0.8ms (1 query, 0 cached) | GC: 0.0ms)


Started GET "/" for ::1 at 2026-05-17 08:38:13 +0000
Processing by CountersController#show as */*
  [1m[36mCounter Load (11.2ms)[0m  [1m[34mSELECT "counters".* FROM "counters" ORDER BY "counters"."id" ASC LIMIT 1 /*action='show',application='BabyCounter',controller='counters'*/[0m
  ↳ app/models/counter.rb:3:in 'Counter.instance'
  Rendering layout layouts/application.html.erb
  Rendering counters/show.html.erb within layouts/application
  Rendered counters/show.html.erb within layouts/application (Duration: 5.1ms | GC: 1.1ms)
  Rendered layout layouts/application.html.erb (Duration: 8.2ms | GC: 1.1ms)
Completed 200 OK in 24ms (Views: 9.3ms | ActiveRecord: 11.2ms (1 query, 0 cached) | GC: 1.1ms)


Started GET "/" for 127.0.0.1 at 2026-05-17 08:38:29 +0000
Processing by CountersController#show as HTML
  [1m[36mCounter Load (0.5ms)[0m  [1m[34mSELECT "counters".* FROM "counters" ORDER BY "counters"."id" ASC LIMIT 1 /*action='show',application='BabyCounter',controller='counters'*/[0m
  ↳ app/models/counter.rb:3:in 'Counter.instance'
  Rendering layout layouts/application.html.erb
  Rendering counters/show.html.erb within layouts/application
  Rendered counters/show.html.erb within layouts/application (Duration: 2.1ms | GC: 0.0ms)
  Rendered layout layouts/application.html.erb (Duration: 8.9ms | GC: 5.2ms)
Completed 200 OK in 12ms (Views: 9.7ms | ActiveRecord: 0.5ms (1 query, 0 cached) | GC: 5.2ms)


Started GET "/" for 127.0.0.1 at 2026-05-17 08:38:41 +0000
Processing by CountersController#show as HTML
  [1m[36mCounter Load (0.4ms)[0m  [1m[34mSELECT "counters".* FROM "counters" ORDER BY "counters"."id" ASC LIMIT 1 /*action='show',application='BabyCounter',controller='counters'*/[0m
  ↳ app/models/counter.rb:3:in 'Counter.instance'
  Rendering layout layouts/application.html.erb
  Rendering counters/show.html.erb within layouts/application
  Rendered counters/show.html.erb within layouts/application (Duration: 2.4ms | GC: 0.7ms)
  Rendered layout layouts/application.html.erb (Duration: 5.0ms | GC: 2.3ms)
Completed 200 OK in 11ms (Views: 5.5ms | ActiveRecord: 0.3ms (1 query, 0 cached) | GC: 4.5ms)


Started POST "/increment_plus" for 127.0.0.1 at 2026-05-17 08:38:43 +0000
Processing by CountersController#increment_plus as TURBO_STREAM
  Parameters: {"authenticity_token" => "[FILTERED]"}
  [1m[36mCounter Load (0.4ms)[0m  [1m[34mSELECT "counters".* FROM "counters" ORDER BY "counters"."id" ASC LIMIT 1 /*action='increment_plus',application='BabyCounter',controller='counters'*/[0m
  ↳ app/models/counter.rb:3:in 'Counter.instance'
  [1m[36mCounter Update All (5.5ms)[0m  [1m[33mUPDATE "counters" SET "plus" = COALESCE("counters"."plus", 0) + 1 WHERE "counters"."id" = 1 /*action='increment_plus',application='BabyCounter',controller='counters'*/[0m
  ↳ app/controllers/counters_controller.rb:8:in 'CountersController#increment_plus'
Redirected to http://localhost:3000/
↳ app/controllers/counters_controller.rb:9:in 'CountersController#increment_plus'
Completed 302 Found in 22ms (ActiveRecord: 5.9ms (2 queries, 0 cached) | GC: 6.9ms)


Started GET "/" for 127.0.0.1 at 2026-05-17 08:38:43 +0000
Processing by CountersController#show as TURBO_STREAM
  [1m[36mCounter Load (0.4ms)[0m  [1m[34mSELECT "counters".* FROM "counters" ORDER BY "counters"."id" ASC LIMIT 1 /*action='show',application='BabyCounter',controller='counters'*/[0m
  ↳ app/models/counter.rb:3:in 'Counter.instance'
  Rendering layout layouts/application.html.erb
  Rendering counters/show.html.erb within layouts/application
  Rendered counters/show.html.erb within layouts/application (Duration: 2.1ms | GC: 0.8ms)
  Rendered layout layouts/application.html.erb (Duration: 4.5ms | GC: 2.1ms)
Completed 200 OK in 12ms (Views: 5.9ms | ActiveRecord: 0.4ms (1 query, 0 cached) | GC: 5.5ms)


Started POST "/increment_plus" for 127.0.0.1 at 2026-05-17 08:38:44 +0000
Processing by CountersController#increment_plus as TURBO_STREAM
  Parameters: {"authenticity_token" => "[FILTERED]"}
  [1m[36mCounter Load (0.5ms)[0m  [1m[34mSELECT "counters".* FROM "counters" ORDER BY "counters"."id" ASC LIMIT 1 /*action='increment_plus',application='BabyCounter',controller='counters'*/[0m
  ↳ app/models/counter.rb:3:in 'Counter.instance'
  [1m[36mCounter Update All (1.0ms)[0m  [1m[33mUPDATE "counters" SET "plus" = COALESCE("counters"."plus", 0) + 1 WHERE "counters"."id" = 1 /*action='increment_plus',application='BabyCounter',controller='counters'*/[0m
  ↳ app/controllers/counters_controller.rb:8:in 'CountersController#increment_plus'
Redirected to http://localhost:3000/
↳ app/controllers/counters_controller.rb:9:in 'CountersController#increment_plus'
Completed 302 Found in 13ms (ActiveRecord: 1.4ms (2 queries, 0 cached) | GC: 5.5ms)


Started GET "/" for 127.0.0.1 at 2026-05-17 08:38:44 +0000
Processing by CountersController#show as TURBO_STREAM
  [1m[36mCounter Load (0.5ms)[0m  [1m[34mSELECT "counters".* FROM "counters" ORDER BY "counters"."id" ASC LIMIT 1 /*action='show',application='BabyCounter',controller='counters'*/[0m
  ↳ app/models/counter.rb:3:in 'Counter.instance'
  Rendering layout layouts/application.html.erb
  Rendering counters/show.html.erb within layouts/application
  Rendered counters/show.html.erb within layouts/application (Duration: 1.3ms | GC: 0.0ms)
  Rendered layout layouts/application.html.erb (Duration: 2.4ms | GC: 0.0ms)
Completed 200 OK in 11ms (Views: 3.0ms | ActiveRecord: 0.5ms (1 query, 0 cached) | GC: 3.5ms)


Started POST "/increment_minus" for 127.0.0.1 at 2026-05-17 08:38:45 +0000
Processing by CountersController#increment_minus as TURBO_STREAM
  Parameters: {"authenticity_token" => "[FILTERED]"}
  [1m[36mCounter Load (0.4ms)[0m  [1m[34mSELECT "counters".* FROM "counters" ORDER BY "counters"."id" ASC LIMIT 1 /*action='increment_minus',application='BabyCounter',controller='counters'*/[0m
  ↳ app/models/counter.rb:3:in 'Counter.instance'
  [1m[36mCounter Update All (1.3ms)[0m  [1m[33mUPDATE "counters" SET "minus" = COALESCE("counters"."minus", 0) + 1 WHERE "counters"."id" = 1 /*action='increment_minus',application='BabyCounter',controller='counters'*/[0m
  ↳ app/controllers/counters_controller.rb:13:in 'CountersController#increment_minus'
Redirected to http://localhost:3000/
↳ app/controllers/counters_controller.rb:14:in 'CountersController#increment_minus'
Completed 302 Found in 17ms (ActiveRecord: 1.6ms (2 queries, 0 cached) | GC: 0.8ms)


Started GET "/" for 127.0.0.1 at 2026-05-17 08:38:45 +0000
Processing by CountersController#show as TURBO_STREAM
  [1m[36mCounter Load (0.3ms)[0m  [1m[34mSELECT "counters".* FROM "counters" ORDER BY "counters"."id" ASC LIMIT 1 /*action='show',application='BabyCounter',controller='counters'*/[0m
  ↳ app/models/counter.rb:3:in 'Counter.instance'
  Rendering layout layouts/application.html.erb
  Rendering counters/show.html.erb within layouts/application
  Rendered counters/show.html.erb within layouts/application (Duration: 0.8ms | GC: 0.0ms)
  Rendered layout layouts/application.html.erb (Duration: 1.7ms | GC: 0.0ms)
Completed 200 OK in 5ms (Views: 2.2ms | ActiveRecord: 0.3ms (1 query, 0 cached) | GC: 0.0ms)


Started POST "/increment_minus" for 127.0.0.1 at 2026-05-17 08:38:45 +0000
Processing by CountersController#increment_minus as TURBO_STREAM
  Parameters: {"authenticity_token" => "[FILTERED]"}
  [1m[36mCounter Load (0.4ms)[0m  [1m[34mSELECT "counters".* FROM "counters" ORDER BY "counters"."id" ASC LIMIT 1 /*action='increment_minus',application='BabyCounter',controller='counters'*/[0m
  ↳ app/models/counter.rb:3:in 'Counter.instance'
  [1m[36mCounter Update All (10.4ms)[0m  [1m[33mUPDATE "counters" SET "minus" = COALESCE("counters"."minus", 0) + 1 WHERE "counters"."id" = 1 /*action='increment_minus',application='BabyCounter',controller='counters'*/[0m
  ↳ app/controllers/counters_controller.rb:13:in 'CountersController#increment_minus'
Redirected to http://localhost:3000/
↳ app/controllers/counters_controller.rb:14:in 'CountersController#increment_minus'
Completed 302 Found in 16ms (ActiveRecord: 10.7ms (2 queries, 0 cached) | GC: 0.0ms)


Started GET "/" for 127.0.0.1 at 2026-05-17 08:38:45 +0000
Processing by CountersController#show as TURBO_STREAM
  [1m[36mCounter Load (0.4ms)[0m  [1m[34mSELECT "counters".* FROM "counters" ORDER BY "counters"."id" ASC LIMIT 1 /*action='show',application='BabyCounter',controller='counters'*/[0m
  ↳ app/models/counter.rb:3:in 'Counter.instance'
  Rendering layout layouts/application.html.erb
  Rendering counters/show.html.erb within layouts/application
  Rendered counters/show.html.erb within layouts/application (Duration: 0.7ms | GC: 0.0ms)
  Rendered layout layouts/application.html.erb (Duration: 1.7ms | GC: 0.3ms)
Completed 200 OK in 5ms (Views: 2.2ms | ActiveRecord: 0.4ms (1 query, 0 cached) | GC: 0.3ms)


Started GET "/" for 127.0.0.1 at 2026-05-17 08:39:10 +0000
Processing by CountersController#show as HTML
  [1m[36mCounter Load (12.5ms)[0m  [1m[34mSELECT "counters".* FROM "counters" ORDER BY "counters"."id" ASC LIMIT 1 /*action='show',application='BabyCounter',controller='counters'*/[0m
  ↳ app/models/counter.rb:3:in 'Counter.instance'
  Rendering layout layouts/application.html.erb
  Rendering counters/show.html.erb within layouts/application
  Rendered counters/show.html.erb within layouts/application (Duration: 3.1ms | GC: 0.0ms)
  Rendered layout layouts/application.html.erb (Duration: 6.0ms | GC: 0.0ms)
Completed 200 OK in 28ms (Views: 10.8ms | ActiveRecord: 12.5ms (1 query, 0 cached) | GC: 0.5ms)


Started GET "/" for ::1 at 2026-05-17 08:40:27 +0000
Processing by CountersController#show as */*
  [1m[36mCounter Load (0.5ms)[0m  [1m[34mSELECT "counters".* FROM "counters" ORDER BY "counters"."id" ASC LIMIT 1 /*action='show',application='BabyCounter',controller='counters'*/[0m
  ↳ app/models/counter.rb:3:in 'Counter.instance'
  Rendering layout layouts/application.html.erb
  Rendering counters/show.html.erb within layouts/application
  Rendered counters/show.html.erb within layouts/application (Duration: 0.7ms | GC: 0.0ms)
  Rendered layout layouts/application.html.erb (Duration: 1.4ms | GC: 0.0ms)
Completed 200 OK in 5ms (Views: 2.0ms | ActiveRecord: 0.5ms (1 query, 0 cached) | GC: 0.2ms)


Started GET "/" for ::1 at 2026-05-17 08:40:34 +0000
Processing by CountersController#show as */*
  [1m[36mCounter Load (0.4ms)[0m  [1m[34mSELECT "counters".* FROM "counters" ORDER BY "counters"."id" ASC LIMIT 1 /*action='show',application='BabyCounter',controller='counters'*/[0m
  ↳ app/models/counter.rb:3:in 'Counter.instance'
  Rendering layout layouts/application.html.erb
  Rendering counters/show.html.erb within layouts/application
  Rendered counters/show.html.erb within layouts/application (Duration: 0.6ms | GC: 0.0ms)
  Rendered layout layouts/application.html.erb (Duration: 1.3ms | GC: 0.0ms)
Completed 200 OK in 5ms (Views: 1.8ms | ActiveRecord: 0.4ms (1 query, 0 cached) | GC: 0.2ms)


Started GET "/" for ::1 at 2026-05-17 08:40:41 +0000
Processing by CountersController#show as */*
  [1m[36mCounter Load (0.8ms)[0m  [1m[34mSELECT "counters".* FROM "counters" ORDER BY "counters"."id" ASC LIMIT 1 /*action='show',application='BabyCounter',controller='counters'*/[0m
  ↳ app/models/counter.rb:3:in 'Counter.instance'
  Rendering layout layouts/application.html.erb
  Rendering counters/show.html.erb within layouts/application
  Rendered counters/show.html.erb within layouts/application (Duration: 0.7ms | GC: 0.0ms)
  Rendered layout layouts/application.html.erb (Duration: 1.4ms | GC: 0.0ms)
Completed 200 OK in 7ms (Views: 1.9ms | ActiveRecord: 0.8ms (1 query, 0 cached) | GC: 1.5ms)


Started GET "/" for 127.0.0.1 at 2026-05-17 08:41:19 +0000
Processing by CountersController#show as HTML
  [1m[36mCounter Load (0.5ms)[0m  [1m[34mSELECT "counters".* FROM "counters" ORDER BY "counters"."id" ASC LIMIT 1 /*action='show',application='BabyCounter',controller='counters'*/[0m
  ↳ app/models/counter.rb:3:in 'Counter.instance'
  Rendering layout layouts/application.html.erb
  Rendering counters/show.html.erb within layouts/application
  Rendered counters/show.html.erb within layouts/application (Duration: 1.4ms | GC: 0.0ms)
  Rendered layout layouts/application.html.erb (Duration: 7.8ms | GC: 0.8ms)
Completed 200 OK in 26ms (Views: 9.4ms | ActiveRecord: 8.8ms (1 query, 0 cached) | GC: 1.5ms)


Started GET "/" for 127.0.0.1 at 2026-05-17 08:41:44 +0000
Processing by CountersController#show as HTML
  [1m[36mCounter Load (0.3ms)[0m  [1m[34mSELECT "counters".* FROM "counters" ORDER BY "counters"."id" ASC LIMIT 1 /*action='show',application='BabyCounter',controller='counters'*/[0m
  ↳ app/models/counter.rb:3:in 'Counter.instance'
  Rendering layout layouts/application.html.erb
  Rendering counters/show.html.erb within layouts/application
  Rendered counters/show.html.erb within layouts/application (Duration: 2.0ms | GC: 0.0ms)
  Rendered layout layouts/application.html.erb (Duration: 6.9ms | GC: 0.4ms)
Completed 200 OK in 23ms (Views: 9.0ms | ActiveRecord: 3.1ms (1 query, 0 cached) | GC: 0.9ms)


Started GET "/" for 127.0.0.1 at 2026-05-17 08:41:55 +0000
Processing by CountersController#show as */*
  [1m[36mCounter Load (0.6ms)[0m  [1m[34mSELECT "counters".* FROM "counters" ORDER BY "counters"."id" ASC LIMIT 1 /*action='show',application='BabyCounter',controller='counters'*/[0m
  ↳ app/models/counter.rb:3:in 'Counter.instance'
  Rendering layout layouts/application.html.erb
  Rendering counters/show.html.erb within layouts/application
  Rendered counters/show.html.erb within layouts/application (Duration: 1.1ms | GC: 0.0ms)
  Rendered layout layouts/application.html.erb (Duration: 2.4ms | GC: 0.0ms)
Completed 200 OK in 7ms (Views: 3.2ms | ActiveRecord: 0.6ms (1 query, 0 cached) | GC: 0.0ms)


